<?xml version="1.0" encoding="UTF-8"?>
<!-- Generated by org.testng.reporters.JUnitXMLReporter -->
<testsuite ignored="2" hostname="Sachin-Sharma" failures="0" tests="1" name="Default test" time="14.243" errors="0" timestamp="2023-09-25T00:42:29 IST">
  <testcase classname="com.qa.pavan.ChromeDevToolsDemo" name="consoleLogs" time="14.163"/>
  <testcase classname="com.qa.pavan.ChromeDevToolsDemo" name="enableNetworkOffline" time="0.0">
    <ignored/>
  </testcase> <!-- enableNetworkOffline -->
  <testcase classname="com.qa.pavan.ChromeDevToolsDemo" name="loadInsecureWebsite" time="0.0">
    <ignored/>
  </testcase> <!-- loadInsecureWebsite -->
</testsuite> <!-- Default test -->
